{
  "numFailedTestSuites": 0,
  "numFailedTests": 0,
  "numPassedTestSuites": 5,
  "numPassedTests": 48,
  "numPendingTestSuites": 0,
  "numPendingTests": 0,
  "numRuntimeErrorTestSuites": 0,
  "numTodoTests": 0,
  "numTotalTestSuites": 5,
  "numTotalTests": 48,
  "openHandles": [],
  "snapshot": {
    "added": 0,
    "didUpdate": false,
    "failure": false,
    "filesAdded": 0,
    "filesRemoved": 0,
    "filesRemovedList": [],
    "filesUnmatched": 0,
    "filesUpdated": 0,
    "matched": 0,
    "total": 0,
    "unchecked": 0,
    "uncheckedKeysByFile": [],
    "unmatched": 0,
    "updated": 0
  },
  "startTime": 1781603858780,
  "success": true,
  "testResults": [
    {
      "assertionResults": [
        {
          "ancestorTitles": ["GET /health"],
          "duration": 14,
          "failureDetails": [],
          "failureMessages": [],
          "fullName": "GET /health should_return_200_with_status_payload_when_health_check_requested",
          "invocations": 1,
          "location": null,
          "numPassingAsserts": 4,
          "retryReasons": [],
          "status": "passed",
          "title": "should_return_200_with_status_payload_when_health_check_requested"
        },
        {
          "ancestorTitles": ["GET /health"],
          "duration": 2,
          "failureDetails": [],
          "failureMessages": [],
          "fullName": "GET /health should_return_200_when_health_check_uses_trailing_slash",
          "invocations": 1,
          "location": null,
          "numPassingAsserts": 2,
          "retryReasons": [],
          "status": "passed",
          "title": "should_return_200_when_health_check_uses_trailing_slash"
        },
        {
          "ancestorTitles": ["POST / — method guard"],
          "duration": 1,
          "failureDetails": [],
          "failureMessages": [],
          "fullName": "POST / — method guard should_return_405_when_http_method_is_not_get_or_post",
          "invocations": 1,
          "location": null,
          "numPassingAsserts": 1,
          "retryReasons": [],
          "status": "passed",
          "title": "should_return_405_when_http_method_is_not_get_or_post"
        },
        {
          "ancestorTitles": ["POST / — signature verification"],
          "duration": 1,
          "failureDetails": [],
          "failureMessages": [],
          "fullName": "POST / — signature verification should_return_401_when_signature_verification_fails",
          "invocations": 1,
          "location": null,
          "numPassingAsserts": 3,
          "retryReasons": [],
          "status": "passed",
          "title": "should_return_401_when_signature_verification_fails"
        },
        {
          "ancestorTitles": ["POST / — signature verification"],
          "duration": 1,
          "failureDetails": [],
          "failureMessages": [],
          "fullName": "POST / — signature verification should_return_500_when_secrets_manager_call_fails",
          "invocations": 1,
          "location": null,
          "numPassingAsserts": 2,
          "retryReasons": [],
          "status": "passed",
          "title": "should_return_500_when_secrets_manager_call_fails"
        },
        {
          "ancestorTitles": ["POST / — signature verification"],
          "duration": 1,
          "failureDetails": [],
          "failureMessages": [],
          "fullName": "POST / — signature verification should_return_500_when_slack_secret_arn_env_var_is_not_configured",
          "invocations": 1,
          "location": null,
          "numPassingAsserts": 2,
          "retryReasons": [],
          "status": "passed",
          "title": "should_return_500_when_slack_secret_arn_env_var_is_not_configured"
        },
        {
          "ancestorTitles": ["POST / — blank query handling"],
          "duration": 2,
          "failureDetails": [],
          "failureMessages": [],
          "fullName": "POST / — blank query handling should_return_usage_hint_when_query_is_blank",
          "invocations": 1,
          "location": null,
          "numPassingAsserts": 4,
          "retryReasons": [],
          "status": "passed",
          "title": "should_return_usage_hint_when_query_is_blank"
        },
        {
          "ancestorTitles": ["POST / — blank query handling"],
          "duration": 1,
          "failureDetails": [],
          "failureMessages": [],
          "fullName": "POST / — blank query handling should_return_usage_hint_when_query_is_whitespace_only",
          "invocations": 1,
          "location": null,
          "numPassingAsserts": 3,
          "retryReasons": [],
          "status": "passed",
          "title": "should_return_usage_hint_when_query_is_whitespace_only"
        },
        {
          "ancestorTitles": ["POST / — response_url validation"],
          "duration": 2,
          "failureDetails": [],
          "failureMessages": [],
          "fullName": "POST / — response_url validation should_return_400_when_response_url_is_invalid",
          "invocations": 1,
          "location": null,
          "numPassingAsserts": 3,
          "retryReasons": [],
          "status": "passed",
          "title": "should_return_400_when_response_url_is_invalid"
        },
        {
          "ancestorTitles": ["POST / — async acknowledgement"],
          "duration": 1,
          "failureDetails": [],
          "failureMessages": [],
          "fullName": "POST / — async acknowledgement should_return_200_ack_immediately_when_valid_question_submitted",
          "invocations": 1,
          "location": null,
          "numPassingAsserts": 3,
          "retryReasons": [],
          "status": "passed",
          "title": "should_return_200_ack_immediately_when_valid_question_submitted"
        },
        {
          "ancestorTitles": ["POST / — async acknowledgement"],
          "duration": 2,
          "failureDetails": [],
          "failureMessages": [],
          "fullName": "POST / — async acknowledgement should_invoke_worker_lambda_with_event_invocation_type_when_valid_question",
          "invocations": 1,
          "location": null,
          "numPassingAsserts": 4,
          "retryReasons": [],
          "status": "passed",
          "title": "should_invoke_worker_lambda_with_event_invocation_type_when_valid_question"
        },
        {
          "ancestorTitles": ["POST / — async acknowledgement"],
          "duration": 2,
          "failureDetails": [],
          "failureMessages": [],
          "fullName": "POST / — async acknowledgement should_return_500_when_worker_lambda_arn_is_not_configured",
          "invocations": 1,
          "location": null,
          "numPassingAsserts": 2,
          "retryReasons": [],
          "status": "passed",
          "title": "should_return_500_when_worker_lambda_arn_is_not_configured"
        },
        {
          "ancestorTitles": ["POST / — async acknowledgement"],
          "duration": 1,
          "failureDetails": [],
          "failureMessages": [],
          "fullName": "POST / — async acknowledgement should_return_500_when_worker_lambda_invocation_fails",
          "invocations": 1,
          "location": null,
          "numPassingAsserts": 1,
          "retryReasons": [],
          "status": "passed",
          "title": "should_return_500_when_worker_lambda_invocation_fails"
        },
        {
          "ancestorTitles": ["POST / — base64-encoded body"],
          "duration": 2,
          "failureDetails": [],
          "failureMessages": [],
          "fullName": "POST / — base64-encoded body should_decode_base64_body_and_process_normally_when_is_base64_encoded_is_true",
          "invocations": 1,
          "location": null,
          "numPassingAsserts": 2,
          "retryReasons": [],
          "status": "passed",
          "title": "should_decode_base64_body_and_process_normally_when_is_base64_encoded_is_true"
        },
        {
          "ancestorTitles": ["POST / — base64-encoded body"],
          "duration": 1,
          "failureDetails": [],
          "failureMessages": [],
          "fullName": "POST / — base64-encoded body should_treat_null_body_as_empty_string_when_event_body_is_null",
          "invocations": 1,
          "location": null,
          "numPassingAsserts": 1,
          "retryReasons": [],
          "status": "passed",
          "title": "should_treat_null_body_as_empty_string_when_event_body_is_null"
        },
        {
          "ancestorTitles": ["POST / — header fallback branches"],
          "duration": 2,
          "failureDetails": [],
          "failureMessages": [],
          "fullName": "POST / — header fallback branches should_use_uppercase_X-Slack-Signature_header_when_lowercase_is_absent",
          "invocations": 1,
          "location": null,
          "numPassingAsserts": 2,
          "retryReasons": [],
          "status": "passed",
          "title": "should_use_uppercase_X-Slack-Signature_header_when_lowercase_is_absent"
        },
        {
          "ancestorTitles": ["POST / — header fallback branches"],
          "duration": 1,
          "failureDetails": [],
          "failureMessages": [],
          "fullName": "POST / — header fallback branches should_use_empty_string_when_both_signature_headers_are_absent",
          "invocations": 1,
          "location": null,
          "numPassingAsserts": 1,
          "retryReasons": [],
          "status": "passed",
          "title": "should_use_empty_string_when_both_signature_headers_are_absent"
        },
        {
          "ancestorTitles": ["POST / — header fallback branches"],
          "duration": 1,
          "failureDetails": [],
          "failureMessages": [],
          "fullName": "POST / — header fallback branches should_parse_payload_with_missing_optional_fields_using_empty_string_fallback",
          "invocations": 1,
          "location": null,
          "numPassingAsserts": 2,
          "retryReasons": [],
          "status": "passed",
          "title": "should_parse_payload_with_missing_optional_fields_using_empty_string_fallback"
        },
        {
          "ancestorTitles": ["POST / — signing secret caching"],
          "duration": 1,
          "failureDetails": [],
          "failureMessages": [],
          "fullName": "POST / — signing secret caching should_use_cached_signing_secret_on_second_invocation_without_calling_secrets_manager",
          "invocations": 1,
          "location": null,
          "numPassingAsserts": 2,
          "retryReasons": [],
          "status": "passed",
          "title": "should_use_cached_signing_secret_on_second_invocation_without_calling_secrets_manager"
        },
        {
          "ancestorTitles": ["POST / — secrets manager null SecretString"],
          "duration": 3,
          "failureDetails": [],
          "failureMessages": [],
          "fullName": "POST / — secrets manager null SecretString should_parse_empty_object_when_SecretString_is_undefined",
          "invocations": 1,
          "location": null,
          "numPassingAsserts": 1,
          "retryReasons": [],
          "status": "passed",
          "title": "should_parse_empty_object_when_SecretString_is_undefined"
        }
      ],
      "endTime": 1781603859199,
      "message": "",
      "name": "/Users/Nilesh_Shinde/iSpace/f500/apps/vyasa-slack-cmd/src/handlers/receiver.spec.ts",
      "startTime": 1781603858805,
      "status": "passed",
      "summary": ""
    },
    {
      "assertionResults": [
        {
          "ancestorTitles": ["handler — successful RAG invocation"],
          "duration": 0,
          "failureDetails": [],
          "failureMessages": [],
          "fullName": "handler — successful RAG invocation should_post_formatted_rag_answer_to_response_url_when_rag_service_succeeds",
          "invocations": 1,
          "location": null,
          "numPassingAsserts": 5,
          "retryReasons": [],
          "status": "passed",
          "title": "should_post_formatted_rag_answer_to_response_url_when_rag_service_succeeds"
        },
        {
          "ancestorTitles": ["handler — RAG service failure"],
          "duration": 0,
          "failureDetails": [],
          "failureMessages": [],
          "fullName": "handler — RAG service failure should_post_ephemeral_error_to_response_url_when_rag_service_throws",
          "invocations": 1,
          "location": null,
          "numPassingAsserts": 2,
          "retryReasons": [],
          "status": "passed",
          "title": "should_post_ephemeral_error_to_response_url_when_rag_service_throws"
        },
        {
          "ancestorTitles": ["handler — RAG service failure"],
          "duration": 0,
          "failureDetails": [],
          "failureMessages": [],
          "fullName": "handler — RAG service failure should_not_expose_internal_error_details_when_rag_service_fails",
          "invocations": 1,
          "location": null,
          "numPassingAsserts": 2,
          "retryReasons": [],
          "status": "passed",
          "title": "should_not_expose_internal_error_details_when_rag_service_fails"
        },
        {
          "ancestorTitles": ["handler — RAG service failure"],
          "duration": 0,
          "failureDetails": [],
          "failureMessages": [],
          "fullName": "handler — RAG service failure should_gracefully_handle_response_url_post_failure_after_rag_error",
          "invocations": 1,
          "location": null,
          "numPassingAsserts": 1,
          "retryReasons": [],
          "status": "passed",
          "title": "should_gracefully_handle_response_url_post_failure_after_rag_error"
        },
        {
          "ancestorTitles": ["handler — RAG service failure"],
          "duration": 0,
          "failureDetails": [],
          "failureMessages": [],
          "fullName": "handler — RAG service failure should_gracefully_handle_response_url_post_failure_after_rag_success",
          "invocations": 1,
          "location": null,
          "numPassingAsserts": 1,
          "retryReasons": [],
          "status": "passed",
          "title": "should_gracefully_handle_response_url_post_failure_after_rag_success"
        },
        {
          "ancestorTitles": ["handler — RAG response without citations field"],
          "duration": 0,
          "failureDetails": [],
          "failureMessages": [],
          "fullName": "handler — RAG response without citations field should_use_empty_citations_array_when_rag_response_omits_citations",
          "invocations": 1,
          "location": null,
          "numPassingAsserts": 1,
          "retryReasons": [],
          "status": "passed",
          "title": "should_use_empty_citations_array_when_rag_response_omits_citations"
        },
        {
          "ancestorTitles": ["handler — invalid response_url"],
          "duration": 0,
          "failureDetails": [],
          "failureMessages": [],
          "fullName": "handler — invalid response_url should_return_without_calling_rag_api_when_response_url_is_invalid",
          "invocations": 1,
          "location": null,
          "numPassingAsserts": 1,
          "retryReasons": [],
          "status": "passed",
          "title": "should_return_without_calling_rag_api_when_response_url_is_invalid"
        }
      ],
      "endTime": 1781603859262,
      "message": "",
      "name": "/Users/Nilesh_Shinde/iSpace/f500/apps/vyasa-slack-cmd/src/handlers/worker.spec.ts",
      "startTime": 1781603859203,
      "status": "passed",
      "summary": ""
    },
    {
      "assertionResults": [
        {
          "ancestorTitles": ["formatRagResponse"],
          "duration": 1,
          "failureDetails": [],
          "failureMessages": [],
          "fullName": "formatRagResponse should_return_in_channel_message_with_replace_original_when_answer_provided",
          "invocations": 1,
          "location": null,
          "numPassingAsserts": 3,
          "retryReasons": [],
          "status": "passed",
          "title": "should_return_in_channel_message_with_replace_original_when_answer_provided"
        },
        {
          "ancestorTitles": ["formatRagResponse"],
          "duration": 2,
          "failureDetails": [],
          "failureMessages": [],
          "fullName": "formatRagResponse should_truncate_response_at_2900_chars_when_answer_exceeds_limit",
          "invocations": 1,
          "location": null,
          "numPassingAsserts": 2,
          "retryReasons": [],
          "status": "passed",
          "title": "should_truncate_response_at_2900_chars_when_answer_exceeds_limit"
        },
        {
          "ancestorTitles": ["formatRagResponse"],
          "duration": 0,
          "failureDetails": [],
          "failureMessages": [],
          "fullName": "formatRagResponse should_not_truncate_response_when_answer_is_exactly_2900_chars",
          "invocations": 1,
          "location": null,
          "numPassingAsserts": 2,
          "retryReasons": [],
          "status": "passed",
          "title": "should_not_truncate_response_when_answer_is_exactly_2900_chars"
        },
        {
          "ancestorTitles": ["formatRagResponse"],
          "duration": 0,
          "failureDetails": [],
          "failureMessages": [],
          "fullName": "formatRagResponse should_include_sources_suffix_when_citations_are_provided",
          "invocations": 1,
          "location": null,
          "numPassingAsserts": 3,
          "retryReasons": [],
          "status": "passed",
          "title": "should_include_sources_suffix_when_citations_are_provided"
        },
        {
          "ancestorTitles": ["formatRagResponse"],
          "duration": 1,
          "failureDetails": [],
          "failureMessages": [],
          "fullName": "formatRagResponse should_not_include_sources_when_citations_array_is_empty",
          "invocations": 1,
          "location": null,
          "numPassingAsserts": 2,
          "retryReasons": [],
          "status": "passed",
          "title": "should_not_include_sources_when_citations_array_is_empty"
        },
        {
          "ancestorTitles": ["formatRagResponse"],
          "duration": 0,
          "failureDetails": [],
          "failureMessages": [],
          "fullName": "formatRagResponse should_limit_citations_to_first_3_when_more_than_3_are_provided",
          "invocations": 1,
          "location": null,
          "numPassingAsserts": 4,
          "retryReasons": [],
          "status": "passed",
          "title": "should_limit_citations_to_first_3_when_more_than_3_are_provided"
        },
        {
          "ancestorTitles": ["formatRagResponse"],
          "duration": 0,
          "failureDetails": [],
          "failureMessages": [],
          "fullName": "formatRagResponse should_use_citation_title_as_fallback_when_no_book_or_chapter_present",
          "invocations": 1,
          "location": null,
          "numPassingAsserts": 1,
          "retryReasons": [],
          "status": "passed",
          "title": "should_use_citation_title_as_fallback_when_no_book_or_chapter_present"
        },
        {
          "ancestorTitles": ["formatRagResponse"],
          "duration": 0,
          "failureDetails": [],
          "failureMessages": [],
          "fullName": "formatRagResponse should_not_include_sources_when_all_citation_labels_are_empty_strings",
          "invocations": 1,
          "location": null,
          "numPassingAsserts": 2,
          "retryReasons": [],
          "status": "passed",
          "title": "should_not_include_sources_when_all_citation_labels_are_empty_strings"
        },
        {
          "ancestorTitles": ["buildErrorResponse"],
          "duration": 0,
          "failureDetails": [],
          "failureMessages": [],
          "fullName": "buildErrorResponse should_return_ephemeral_response_with_given_message_when_called",
          "invocations": 1,
          "location": null,
          "numPassingAsserts": 3,
          "retryReasons": [],
          "status": "passed",
          "title": "should_return_ephemeral_response_with_given_message_when_called"
        }
      ],
      "endTime": 1781603859284,
      "message": "",
      "name": "/Users/Nilesh_Shinde/iSpace/f500/apps/vyasa-slack-cmd/src/lib/response-formatter.spec.ts",
      "startTime": 1781603859264,
      "status": "passed",
      "summary": ""
    },
    {
      "assertionResults": [
        {
          "ancestorTitles": ["validateResponseUrl"],
          "duration": 1,
          "failureDetails": [],
          "failureMessages": [],
          "fullName": "validateResponseUrl should_not_throw_when_url_is_valid_https_hooks_slack_com",
          "invocations": 1,
          "location": null,
          "numPassingAsserts": 1,
          "retryReasons": [],
          "status": "passed",
          "title": "should_not_throw_when_url_is_valid_https_hooks_slack_com"
        },
        {
          "ancestorTitles": ["validateResponseUrl"],
          "duration": 3,
          "failureDetails": [],
          "failureMessages": [],
          "fullName": "validateResponseUrl should_throw_when_url_uses_http_instead_of_https",
          "invocations": 1,
          "location": null,
          "numPassingAsserts": 1,
          "retryReasons": [],
          "status": "passed",
          "title": "should_throw_when_url_uses_http_instead_of_https"
        },
        {
          "ancestorTitles": ["validateResponseUrl"],
          "duration": 0,
          "failureDetails": [],
          "failureMessages": [],
          "fullName": "validateResponseUrl should_throw_when_host_is_not_hooks_slack_com",
          "invocations": 1,
          "location": null,
          "numPassingAsserts": 1,
          "retryReasons": [],
          "status": "passed",
          "title": "should_throw_when_host_is_not_hooks_slack_com"
        },
        {
          "ancestorTitles": ["validateResponseUrl"],
          "duration": 1,
          "failureDetails": [],
          "failureMessages": [],
          "fullName": "validateResponseUrl should_throw_when_url_is_malformed_and_not_parseable",
          "invocations": 1,
          "location": null,
          "numPassingAsserts": 1,
          "retryReasons": [],
          "status": "passed",
          "title": "should_throw_when_url_is_malformed_and_not_parseable"
        },
        {
          "ancestorTitles": ["validateResponseUrl"],
          "duration": 0,
          "failureDetails": [],
          "failureMessages": [],
          "fullName": "validateResponseUrl should_throw_when_url_uses_ssrf_subdomain_spoofing",
          "invocations": 1,
          "location": null,
          "numPassingAsserts": 1,
          "retryReasons": [],
          "status": "passed",
          "title": "should_throw_when_url_uses_ssrf_subdomain_spoofing"
        }
      ],
      "endTime": 1781603859305,
      "message": "",
      "name": "/Users/Nilesh_Shinde/iSpace/f500/apps/vyasa-slack-cmd/src/lib/response-url-validator.spec.ts",
      "startTime": 1781603859286,
      "status": "passed",
      "summary": ""
    },
    {
      "assertionResults": [
        {
          "ancestorTitles": ["verifySlackSignature"],
          "duration": 0,
          "failureDetails": [],
          "failureMessages": [],
          "fullName": "verifySlackSignature should_return_true_when_signature_is_valid_and_timestamp_is_recent",
          "invocations": 1,
          "location": null,
          "numPassingAsserts": 1,
          "retryReasons": [],
          "status": "passed",
          "title": "should_return_true_when_signature_is_valid_and_timestamp_is_recent"
        },
        {
          "ancestorTitles": ["verifySlackSignature"],
          "duration": 0,
          "failureDetails": [],
          "failureMessages": [],
          "fullName": "verifySlackSignature should_return_false_when_signing_secret_is_wrong",
          "invocations": 1,
          "location": null,
          "numPassingAsserts": 1,
          "retryReasons": [],
          "status": "passed",
          "title": "should_return_false_when_signing_secret_is_wrong"
        },
        {
          "ancestorTitles": ["verifySlackSignature"],
          "duration": 1,
          "failureDetails": [],
          "failureMessages": [],
          "fullName": "verifySlackSignature should_return_false_when_body_has_been_tampered",
          "invocations": 1,
          "location": null,
          "numPassingAsserts": 1,
          "retryReasons": [],
          "status": "passed",
          "title": "should_return_false_when_body_has_been_tampered"
        },
        {
          "ancestorTitles": ["verifySlackSignature"],
          "duration": 0,
          "failureDetails": [],
          "failureMessages": [],
          "fullName": "verifySlackSignature should_return_false_when_timestamp_is_older_than_5_minutes",
          "invocations": 1,
          "location": null,
          "numPassingAsserts": 1,
          "retryReasons": [],
          "status": "passed",
          "title": "should_return_false_when_timestamp_is_older_than_5_minutes"
        },
        {
          "ancestorTitles": ["verifySlackSignature"],
          "duration": 0,
          "failureDetails": [],
          "failureMessages": [],
          "fullName": "verifySlackSignature should_return_false_when_timestamp_is_more_than_5_minutes_in_future",
          "invocations": 1,
          "location": null,
          "numPassingAsserts": 1,
          "retryReasons": [],
          "status": "passed",
          "title": "should_return_false_when_timestamp_is_more_than_5_minutes_in_future"
        },
        {
          "ancestorTitles": ["verifySlackSignature"],
          "duration": 0,
          "failureDetails": [],
          "failureMessages": [],
          "fullName": "verifySlackSignature should_return_false_when_timestamp_is_not_a_number",
          "invocations": 1,
          "location": null,
          "numPassingAsserts": 1,
          "retryReasons": [],
          "status": "passed",
          "title": "should_return_false_when_timestamp_is_not_a_number"
        },
        {
          "ancestorTitles": ["verifySlackSignature"],
          "duration": 0,
          "failureDetails": [],
          "failureMessages": [],
          "fullName": "verifySlackSignature should_return_false_when_provided_signature_has_different_length",
          "invocations": 1,
          "location": null,
          "numPassingAsserts": 1,
          "retryReasons": [],
          "status": "passed",
          "title": "should_return_false_when_provided_signature_has_different_length"
        }
      ],
      "endTime": 1781603859326,
      "message": "",
      "name": "/Users/Nilesh_Shinde/iSpace/f500/apps/vyasa-slack-cmd/src/lib/slack-verifier.spec.ts",
      "startTime": 1781603859308,
      "status": "passed",
      "summary": ""
    }
  ],
  "wasInterrupted": false
}
